<?xml version="1.0" encoding="UTF-8"?>
<!-- Generated by org.testng.reporters.JUnitReportReporter -->
<testsuite hostname="SangeethaG" failures="0" tests="8" name="testRunner.TestRunner" time="127.318" errors="0" timestamp="2025-08-01T22:30:40 EDT" skipped="0">
  <testcase classname="testRunner.TestRunner" name="runScenario" time="14.721"/>
  <testcase classname="testRunner.TestRunner" name="runScenario" time="14.323"/>
  <testcase classname="testRunner.TestRunner" name="runScenario" time="19.362"/>
  <testcase classname="testRunner.TestRunner" name="runScenario" time="16.239"/>
  <testcase classname="testRunner.TestRunner" name="runScenario" time="12.876"/>
  <testcase classname="testRunner.TestRunner" name="runScenario" time="20.174"/>
  <testcase classname="testRunner.TestRunner" name="runScenario" time="14.504"/>
  <testcase classname="testRunner.TestRunner" name="runScenario" time="15.119"/>
</testsuite> <!-- testRunner.TestRunner -->
